<?xml version="1.0" encoding="UTF-8"?>
<coverage generated="1776693357506" clover="3.2.0">
  <project timestamp="1776693357506" name="All files">
    <metrics statements="24" coveredstatements="19" conditionals="5" coveredconditionals="3" methods="13" coveredmethods="11" elements="42" coveredelements="33" complexity="0" loc="24" ncloc="24" packages="3" files="10" classes="10"/>
    <package name="src">
      <metrics statements="7" coveredstatements="2" conditionals="2" coveredconditionals="0" methods="2" coveredmethods="0"/>
      <file name="App.tsx" path="/Users/baltazarservin/Documents/School/TEC/6to_Semestre/Software_Development/Software_Quality/Workshop/group101-vite/src/App.tsx">
        <metrics statements="1" coveredstatements="0" conditionals="0" coveredconditionals="0" methods="1" coveredmethods="0"/>
        <line num="9" count="0" type="stmt"/>
      </file>
      <file name="main.tsx" path="/Users/baltazarservin/Documents/School/TEC/6to_Semestre/Software_Development/Software_Quality/Workshop/group101-vite/src/main.tsx">
        <metrics statements="1" coveredstatements="0" conditionals="0" coveredconditionals="0" methods="0" coveredmethods="0"/>
        <line num="6" count="0" type="stmt"/>
      </file>
      <file name="mockData.ts" path="/Users/baltazarservin/Documents/School/TEC/6to_Semestre/Software_Development/Software_Quality/Workshop/group101-vite/src/mockData.ts">
        <metrics statements="2" coveredstatements="2" conditionals="0" coveredconditionals="0" methods="0" coveredmethods="0"/>
        <line num="1" count="1" type="stmt"/>
        <line num="10" count="1" type="stmt"/>
      </file>
      <file name="utils.ts" path="/Users/baltazarservin/Documents/School/TEC/6to_Semestre/Software_Development/Software_Quality/Workshop/group101-vite/src/utils.ts">
        <metrics statements="3" coveredstatements="0" conditionals="2" coveredconditionals="0" methods="1" coveredmethods="0"/>
        <line num="2" count="0" type="cond" truecount="0" falsecount="2"/>
        <line num="3" count="0" type="stmt"/>
        <line num="5" count="0" type="stmt"/>
      </file>
    </package>
    <package name="src.Counter">
      <metrics statements="11" coveredstatements="11" conditionals="1" coveredconditionals="1" methods="7" coveredmethods="7"/>
      <file name="Buttons.tsx" path="/Users/baltazarservin/Documents/School/TEC/6to_Semestre/Software_Development/Software_Quality/Workshop/group101-vite/src/Counter/Buttons.tsx">
        <metrics statements="3" coveredstatements="3" conditionals="0" coveredconditionals="0" methods="3" coveredmethods="3"/>
        <line num="4" count="1" type="stmt"/>
        <line num="5" count="16" type="stmt"/>
        <line num="12" count="8" type="stmt"/>
      </file>
      <file name="Counter.tsx" path="/Users/baltazarservin/Documents/School/TEC/6to_Semestre/Software_Development/Software_Quality/Workshop/group101-vite/src/Counter/Counter.tsx">
        <metrics statements="4" coveredstatements="4" conditionals="1" coveredconditionals="1" methods="1" coveredmethods="1"/>
        <line num="5" count="1" type="stmt"/>
        <line num="6" count="1" type="cond" truecount="1" falsecount="0"/>
        <line num="7" count="16" type="stmt"/>
        <line num="9" count="16" type="stmt"/>
      </file>
      <file name="ICounter.tsx" path="/Users/baltazarservin/Documents/School/TEC/6to_Semestre/Software_Development/Software_Quality/Workshop/group101-vite/src/Counter/ICounter.tsx">
        <metrics statements="0" coveredstatements="0" conditionals="0" coveredconditionals="0" methods="0" coveredmethods="0"/>
      </file>
      <file name="ResetButton.tsx" path="/Users/baltazarservin/Documents/School/TEC/6to_Semestre/Software_Development/Software_Quality/Workshop/group101-vite/src/Counter/ResetButton.tsx">
        <metrics statements="3" coveredstatements="3" conditionals="0" coveredconditionals="0" methods="2" coveredmethods="2"/>
        <line num="3" count="1" type="stmt"/>
        <line num="4" count="16" type="stmt"/>
        <line num="9" count="2" type="stmt"/>
      </file>
      <file name="setupUserEvent.tsx" path="/Users/baltazarservin/Documents/School/TEC/6to_Semestre/Software_Development/Software_Quality/Workshop/group101-vite/src/Counter/setupUserEvent.tsx">
        <metrics statements="1" coveredstatements="1" conditionals="0" coveredconditionals="0" methods="1" coveredmethods="1"/>
        <line num="9" count="1" type="stmt"/>
      </file>
    </package>
    <package name="src.mathoperations">
      <metrics statements="6" coveredstatements="6" conditionals="2" coveredconditionals="2" methods="4" coveredmethods="4"/>
      <file name="mathOperations.ts" path="/Users/baltazarservin/Documents/School/TEC/6to_Semestre/Software_Development/Software_Quality/Workshop/group101-vite/src/mathoperations/mathOperations.ts">
        <metrics statements="6" coveredstatements="6" conditionals="2" coveredconditionals="2" methods="4" coveredmethods="4"/>
        <line num="2" count="1" type="stmt"/>
        <line num="6" count="1" type="stmt"/>
        <line num="10" count="1" type="stmt"/>
        <line num="14" count="2" type="cond" truecount="2" falsecount="0"/>
        <line num="15" count="1" type="stmt"/>
        <line num="17" count="1" type="stmt"/>
      </file>
    </package>
  </project>
</coverage>
