{"/Users/baltazarservin/Documents/School/TEC/6to_Semestre/Software_Development/Software_Quality/Workshop/group101-vite/src/App.tsx": {"path":"/Users/baltazarservin/Documents/School/TEC/6to_Semestre/Software_Development/Software_Quality/Workshop/group101-vite/src/App.tsx","statementMap":{"0":{"start":{"line":9,"column":4},"end":{"line":135,"column":null}}},"fnMap":{"0":{"name":"App","decl":{"start":{"line":8,"column":9},"end":{"line":8,"column":15}},"loc":{"start":{"line":8,"column":15},"end":{"line":135,"column":null}},"line":8}},"branchMap":{},"s":{"0":0},"f":{"0":0},"b":{},"meta":{"lastBranch":0,"lastFunction":1,"lastStatement":1,"seen":{"f:8:9:8:15":0,"s:9:4:135:Infinity":0}}}
,"/Users/baltazarservin/Documents/School/TEC/6to_Semestre/Software_Development/Software_Quality/Workshop/group101-vite/src/main.tsx": {"path":"/Users/baltazarservin/Documents/School/TEC/6to_Semestre/Software_Development/Software_Quality/Workshop/group101-vite/src/main.tsx","statementMap":{"0":{"start":{"line":6,"column":0},"end":{"line":10,"column":null}}},"fnMap":{},"branchMap":{},"s":{"0":0},"f":{},"b":{},"meta":{"lastBranch":0,"lastFunction":0,"lastStatement":1,"seen":{"s:6:0:10:Infinity":0}}}
,"/Users/baltazarservin/Documents/School/TEC/6to_Semestre/Software_Development/Software_Quality/Workshop/group101-vite/src/mockData.ts": {"path":"/Users/baltazarservin/Documents/School/TEC/6to_Semestre/Software_Development/Software_Quality/Workshop/group101-vite/src/mockData.ts","statementMap":{"0":{"start":{"line":1,"column":38},"end":{"line":1,"column":null}},"1":{"start":{"line":10,"column":35},"end":{"line":15,"column":null}}},"fnMap":{},"branchMap":{},"s":{"0":1,"1":1},"f":{},"b":{},"meta":{"lastBranch":0,"lastFunction":0,"lastStatement":2,"seen":{"s:1:38:1:Infinity":0,"s:10:35:15:Infinity":1}}}
,"/Users/baltazarservin/Documents/School/TEC/6to_Semestre/Software_Development/Software_Quality/Workshop/group101-vite/src/utils.ts": {"path":"/Users/baltazarservin/Documents/School/TEC/6to_Semestre/Software_Development/Software_Quality/Workshop/group101-vite/src/utils.ts","statementMap":{"0":{"start":{"line":2,"column":4},"end":{"line":3,"column":null}},"1":{"start":{"line":3,"column":8},"end":{"line":3,"column":null}},"2":{"start":{"line":5,"column":4},"end":{"line":5,"column":null}}},"fnMap":{"0":{"name":"compileCode","decl":{"start":{"line":1,"column":16},"end":{"line":1,"column":28}},"loc":{"start":{"line":1,"column":58},"end":{"line":5,"column":null}},"line":1}},"branchMap":{"0":{"loc":{"start":{"line":2,"column":4},"end":{"line":3,"column":null}},"type":"if","locations":[{"start":{"line":2,"column":4},"end":{"line":3,"column":null}},{"start":{},"end":{}}],"line":2}},"s":{"0":0,"1":0,"2":0},"f":{"0":0},"b":{"0":[0,0]},"meta":{"lastBranch":1,"lastFunction":1,"lastStatement":3,"seen":{"f:1:16:1:28":0,"b:2:4:3:Infinity:undefined:undefined:undefined:undefined":0,"s:2:4:3:Infinity":0,"s:3:8:3:Infinity":1,"s:5:4:5:Infinity":2}}}
,"/Users/baltazarservin/Documents/School/TEC/6to_Semestre/Software_Development/Software_Quality/Workshop/group101-vite/src/Counter/Buttons.tsx": {"path":"/Users/baltazarservin/Documents/School/TEC/6to_Semestre/Software_Development/Software_Quality/Workshop/group101-vite/src/Counter/Buttons.tsx","statementMap":{"0":{"start":{"line":4,"column":13},"end":{"line":16,"column":null}},"1":{"start":{"line":5,"column":4},"end":{"line":16,"column":null}},"2":{"start":{"line":12,"column":31},"end":{"line":12,"column":55}},"3":{"start":{"line":12,"column":49},"end":{"line":12,"column":55}}},"fnMap":{"0":{"name":"(anonymous_0)","decl":{"start":{"line":4,"column":13},"end":{"line":4,"column":24}},"loc":{"start":{"line":4,"column":70},"end":{"line":16,"column":null}},"line":4},"1":{"name":"(anonymous_1)","decl":{"start":{"line":12,"column":16},"end":{"line":12,"column":31}},"loc":{"start":{"line":12,"column":31},"end":{"line":12,"column":55}},"line":12},"2":{"name":"(anonymous_2)","decl":{"start":{"line":12,"column":31},"end":{"line":12,"column":43}},"loc":{"start":{"line":12,"column":49},"end":{"line":12,"column":55}},"line":12}},"branchMap":{},"s":{"0":1,"1":16,"2":8,"3":8},"f":{"0":16,"1":8,"2":8},"b":{},"meta":{"lastBranch":0,"lastFunction":3,"lastStatement":4,"seen":{"s:4:13:16:Infinity":0,"f:4:13:4:24":0,"s:5:4:16:Infinity":1,"f:12:16:12:31":1,"s:12:31:12:55":2,"f:12:31:12:43":2,"s:12:49:12:55":3}}}
,"/Users/baltazarservin/Documents/School/TEC/6to_Semestre/Software_Development/Software_Quality/Workshop/group101-vite/src/Counter/Counter.tsx": {"path":"/Users/baltazarservin/Documents/School/TEC/6to_Semestre/Software_Development/Software_Quality/Workshop/group101-vite/src/Counter/Counter.tsx","statementMap":{"0":{"start":{"line":5,"column":27},"end":{"line":5,"column":null}},"1":{"start":{"line":6,"column":6},"end":{"line":18,"column":null}},"2":{"start":{"line":7,"column":20},"end":{"line":7,"column":56}},"3":{"start":{"line":9,"column":4},"end":{"line":18,"column":null}}},"fnMap":{"0":{"name":"(anonymous_0)","decl":{"start":{"line":6,"column":6},"end":{"line":6,"column":17}},"loc":{"start":{"line":6,"column":56},"end":{"line":18,"column":null}},"line":6}},"branchMap":{"0":{"loc":{"start":{"line":6,"column":19},"end":{"line":6,"column":56}},"type":"default-arg","locations":[{"start":{"line":6,"column":34},"end":{"line":6,"column":56}}],"line":6}},"s":{"0":1,"1":1,"2":16,"3":16},"f":{"0":16},"b":{"0":[16]},"meta":{"lastBranch":1,"lastFunction":1,"lastStatement":4,"seen":{"s:5:27:5:Infinity":0,"s:6:6:18:Infinity":1,"f:6:6:6:17":0,"b:6:34:6:56":0,"s:7:20:7:56":2,"s:9:4:18:Infinity":3}}}
,"/Users/baltazarservin/Documents/School/TEC/6to_Semestre/Software_Development/Software_Quality/Workshop/group101-vite/src/Counter/ICounter.tsx": {"path":"/Users/baltazarservin/Documents/School/TEC/6to_Semestre/Software_Development/Software_Quality/Workshop/group101-vite/src/Counter/ICounter.tsx","statementMap":{},"fnMap":{},"branchMap":{},"s":{},"f":{},"b":{},"meta":{"lastBranch":0,"lastFunction":0,"lastStatement":0,"seen":{}}}
,"/Users/baltazarservin/Documents/School/TEC/6to_Semestre/Software_Development/Software_Quality/Workshop/group101-vite/src/Counter/ResetButton.tsx": {"path":"/Users/baltazarservin/Documents/School/TEC/6to_Semestre/Software_Development/Software_Quality/Workshop/group101-vite/src/Counter/ResetButton.tsx","statementMap":{"0":{"start":{"line":3,"column":13},"end":{"line":13,"column":null}},"1":{"start":{"line":4,"column":4},"end":{"line":13,"column":null}},"2":{"start":{"line":9,"column":31},"end":{"line":9,"column":44}}},"fnMap":{"0":{"name":"(anonymous_0)","decl":{"start":{"line":3,"column":13},"end":{"line":3,"column":28}},"loc":{"start":{"line":3,"column":74},"end":{"line":13,"column":null}},"line":3},"1":{"name":"(anonymous_1)","decl":{"start":{"line":9,"column":16},"end":{"line":9,"column":31}},"loc":{"start":{"line":9,"column":31},"end":{"line":9,"column":44}},"line":9}},"branchMap":{},"s":{"0":1,"1":16,"2":2},"f":{"0":16,"1":2},"b":{},"meta":{"lastBranch":0,"lastFunction":2,"lastStatement":3,"seen":{"s:3:13:13:Infinity":0,"f:3:13:3:28":0,"s:4:4:13:Infinity":1,"f:9:16:9:31":1,"s:9:31:9:44":2}}}
,"/Users/baltazarservin/Documents/School/TEC/6to_Semestre/Software_Development/Software_Quality/Workshop/group101-vite/src/Counter/setupUserEvent.tsx": {"path":"/Users/baltazarservin/Documents/School/TEC/6to_Semestre/Software_Development/Software_Quality/Workshop/group101-vite/src/Counter/setupUserEvent.tsx","statementMap":{"0":{"start":{"line":9,"column":4},"end":{"line":12,"column":null}}},"fnMap":{"0":{"name":"setupUserEvent","decl":{"start":{"line":8,"column":16},"end":{"line":8,"column":31}},"loc":{"start":{"line":8,"column":74},"end":{"line":12,"column":null}},"line":8}},"branchMap":{},"s":{"0":1},"f":{"0":1},"b":{},"meta":{"lastBranch":0,"lastFunction":1,"lastStatement":1,"seen":{"f:8:16:8:31":0,"s:9:4:12:Infinity":0}}}
,"/Users/baltazarservin/Documents/School/TEC/6to_Semestre/Software_Development/Software_Quality/Workshop/group101-vite/src/mathoperations/mathOperations.ts": {"path":"/Users/baltazarservin/Documents/School/TEC/6to_Semestre/Software_Development/Software_Quality/Workshop/group101-vite/src/mathoperations/mathOperations.ts","statementMap":{"0":{"start":{"line":2,"column":4},"end":{"line":2,"column":null}},"1":{"start":{"line":6,"column":4},"end":{"line":6,"column":null}},"2":{"start":{"line":10,"column":4},"end":{"line":10,"column":null}},"3":{"start":{"line":14,"column":4},"end":{"line":15,"column":null}},"4":{"start":{"line":15,"column":8},"end":{"line":15,"column":null}},"5":{"start":{"line":17,"column":4},"end":{"line":17,"column":null}}},"fnMap":{"0":{"name":"add","decl":{"start":{"line":1,"column":16},"end":{"line":1,"column":20}},"loc":{"start":{"line":1,"column":50},"end":{"line":2,"column":null}},"line":1},"1":{"name":"substract","decl":{"start":{"line":5,"column":16},"end":{"line":5,"column":26}},"loc":{"start":{"line":5,"column":56},"end":{"line":6,"column":null}},"line":5},"2":{"name":"multiply","decl":{"start":{"line":9,"column":16},"end":{"line":9,"column":25}},"loc":{"start":{"line":9,"column":55},"end":{"line":10,"column":null}},"line":9},"3":{"name":"divide","decl":{"start":{"line":13,"column":16},"end":{"line":13,"column":23}},"loc":{"start":{"line":13,"column":53},"end":{"line":17,"column":null}},"line":13}},"branchMap":{"0":{"loc":{"start":{"line":14,"column":4},"end":{"line":15,"column":null}},"type":"if","locations":[{"start":{"line":14,"column":4},"end":{"line":15,"column":null}},{"start":{},"end":{}}],"line":14}},"s":{"0":1,"1":1,"2":1,"3":2,"4":1,"5":1},"f":{"0":1,"1":1,"2":1,"3":2},"b":{"0":[1,1]},"meta":{"lastBranch":1,"lastFunction":4,"lastStatement":6,"seen":{"f:1:16:1:20":0,"s:2:4:2:Infinity":0,"f:5:16:5:26":1,"s:6:4:6:Infinity":1,"f:9:16:9:25":2,"s:10:4:10:Infinity":2,"f:13:16:13:23":3,"b:14:4:15:Infinity:undefined:undefined:undefined:undefined":0,"s:14:4:15:Infinity":3,"s:15:8:15:Infinity":4,"s:17:4:17:Infinity":5}}}
}
